[2019-12-21 18:22:56] local.ERROR: Command "duskphp" is not defined. {"exception":"[object] (Symfony\\Component\\Console\\Exception\\CommandNotFoundException(code: 0): Command \"duskphp\" is not defined. at /home/vagrant/code/social/vendor/symfony/console/Application.php:670)
[stacktrace]
#0 /home/vagrant/code/social/vendor/symfony/console/Application.php(236): Symfony\\Component\\Console\\Application->find('duskphp')
#1 /home/vagrant/code/social/vendor/symfony/console/Application.php(148): Symfony\\Component\\Console\\Application->doRun(Object(Symfony\\Component\\Console\\Input\\ArgvInput), Object(Symfony\\Component\\Console\\Output\\ConsoleOutput))
#2 /home/vagrant/code/social/vendor/laravel/framework/src/Illuminate/Console/Application.php(90): Symfony\\Component\\Console\\Application->run(Object(Symfony\\Component\\Console\\Input\\ArgvInput), Object(Symfony\\Component\\Console\\Output\\ConsoleOutput))
#3 /home/vagrant/code/social/vendor/laravel/framework/src/Illuminate/Foundation/Console/Kernel.php(133): Illuminate\\Console\\Application->run(Object(Symfony\\Component\\Console\\Input\\ArgvInput), Object(Symfony\\Component\\Console\\Output\\ConsoleOutput))
#4 /home/vagrant/code/social/artisan(37): Illuminate\\Foundation\\Console\\Kernel->handle(Object(Symfony\\Component\\Console\\Input\\ArgvInput), Object(Symfony\\Component\\Console\\Output\\ConsoleOutput))
#5 {main}
"} 
[2019-12-21 19:11:28] local.ERROR: Command "dusk:chromedriver" is not defined.

Did you mean one of these?
    dusk
    dusk:chrome-driver
    dusk:component
    dusk:fails
    dusk:install
    dusk:make
    dusk:page {"exception":"[object] (Symfony\\Component\\Console\\Exception\\CommandNotFoundException(code: 0): Command \"dusk:chromedriver\" is not defined.

Did you mean one of these?
    dusk
    dusk:chrome-driver
    dusk:component
    dusk:fails
    dusk:install
    dusk:make
    dusk:page at /home/vagrant/code/social/vendor/symfony/console/Application.php:670)
[stacktrace]
#0 /home/vagrant/code/social/vendor/symfony/console/Application.php(236): Symfony\\Component\\Console\\Application->find('dusk:chromedriv...')
#1 /home/vagrant/code/social/vendor/symfony/console/Application.php(148): Symfony\\Component\\Console\\Application->doRun(Object(Symfony\\Component\\Console\\Input\\ArgvInput), Object(Symfony\\Component\\Console\\Output\\ConsoleOutput))
#2 /home/vagrant/code/social/vendor/laravel/framework/src/Illuminate/Console/Application.php(90): Symfony\\Component\\Console\\Application->run(Object(Symfony\\Component\\Console\\Input\\ArgvInput), Object(Symfony\\Component\\Console\\Output\\ConsoleOutput))
#3 /home/vagrant/code/social/vendor/laravel/framework/src/Illuminate/Foundation/Console/Kernel.php(133): Illuminate\\Console\\Application->run(Object(Symfony\\Component\\Console\\Input\\ArgvInput), Object(Symfony\\Component\\Console\\Output\\ConsoleOutput))
#4 /home/vagrant/code/social/artisan(37): Illuminate\\Foundation\\Console\\Kernel->handle(Object(Symfony\\Component\\Console\\Input\\ArgvInput), Object(Symfony\\Component\\Console\\Output\\ConsoleOutput))
#5 {main}
"} 
[2019-12-21 19:40:07] local.ERROR: Command "dusk:d" is not defined.

Did you mean one of these?
    db:seed
    dusk
    dusk:chrome-driver
    dusk:component
    dusk:fails
    dusk:install
    dusk:make
    dusk:page
    make:command
    make:middleware
    make:model
    make:provider
    make:seeder
    package:discover
    queue:failed
    queue:failed-table {"exception":"[object] (Symfony\\Component\\Console\\Exception\\CommandNotFoundException(code: 0): Command \"dusk:d\" is not defined.

Did you mean one of these?
    db:seed
    dusk
    dusk:chrome-driver
    dusk:component
    dusk:fails
    dusk:install
    dusk:make
    dusk:page
    make:command
    make:middleware
    make:model
    make:provider
    make:seeder
    package:discover
    queue:failed
    queue:failed-table at /home/vagrant/code/social/vendor/symfony/console/Application.php:670)
[stacktrace]
#0 /home/vagrant/code/social/vendor/symfony/console/Application.php(236): Symfony\\Component\\Console\\Application->find('dusk:d')
#1 /home/vagrant/code/social/vendor/symfony/console/Application.php(148): Symfony\\Component\\Console\\Application->doRun(Object(Symfony\\Component\\Console\\Input\\ArgvInput), Object(Symfony\\Component\\Console\\Output\\ConsoleOutput))
#2 /home/vagrant/code/social/vendor/laravel/framework/src/Illuminate/Console/Application.php(90): Symfony\\Component\\Console\\Application->run(Object(Symfony\\Component\\Console\\Input\\ArgvInput), Object(Symfony\\Component\\Console\\Output\\ConsoleOutput))
#3 /home/vagrant/code/social/vendor/laravel/framework/src/Illuminate/Foundation/Console/Kernel.php(133): Illuminate\\Console\\Application->run(Object(Symfony\\Component\\Console\\Input\\ArgvInput), Object(Symfony\\Component\\Console\\Output\\ConsoleOutput))
#4 /home/vagrant/code/social/artisan(37): Illuminate\\Foundation\\Console\\Kernel->handle(Object(Symfony\\Component\\Console\\Input\\ArgvInput), Object(Symfony\\Component\\Console\\Output\\ConsoleOutput))
#5 {main}
"} 
[2019-12-21 19:47:29] local.ERROR: file_get_contents(https://chromedriver.storage.googleapis.com/79.0.3945.88/chromedriver_linux64.zip): failed to open stream: HTTP request failed! HTTP/1.0 404 Not Found
 {"exception":"[object] (ErrorException(code: 0): file_get_contents(https://chromedriver.storage.googleapis.com/79.0.3945.88/chromedriver_linux64.zip): failed to open stream: HTTP request failed! HTTP/1.0 404 Not Found
 at /home/vagrant/code/social/vendor/laravel/dusk/src/Console/ChromeDriverCommand.php:249)
[stacktrace]
#0 [internal function]: Illuminate\\Foundation\\Bootstrap\\HandleExceptions->handleError(2, 'file_get_conten...', '/home/vagrant/c...', 249, Array)
#1 /home/vagrant/code/social/vendor/laravel/dusk/src/Console/ChromeDriverCommand.php(249): file_get_contents('https://chromed...', false, Resource id #433)
#2 /home/vagrant/code/social/vendor/laravel/dusk/src/Console/ChromeDriverCommand.php(184): Laravel\\Dusk\\Console\\ChromeDriverCommand->getUrl('https://chromed...')
#3 /home/vagrant/code/social/vendor/laravel/dusk/src/Console/ChromeDriverCommand.php(120): Laravel\\Dusk\\Console\\ChromeDriverCommand->download('79.0.3945.88', 'linux64')
#4 [internal function]: Laravel\\Dusk\\Console\\ChromeDriverCommand->handle()
#5 /home/vagrant/code/social/vendor/laravel/framework/src/Illuminate/Container/BoundMethod.php(32): call_user_func_array(Array, Array)
#6 /home/vagrant/code/social/vendor/laravel/framework/src/Illuminate/Container/BoundMethod.php(90): Illuminate\\Container\\BoundMethod::Illuminate\\Container\\{closure}()
#7 /home/vagrant/code/social/vendor/laravel/framework/src/Illuminate/Container/BoundMethod.php(34): Illuminate\\Container\\BoundMethod::callBoundMethod(Object(Illuminate\\Foundation\\Application), Array, Object(Closure))
#8 /home/vagrant/code/social/vendor/laravel/framework/src/Illuminate/Container/Container.php(576): Illuminate\\Container\\BoundMethod::call(Object(Illuminate\\Foundation\\Application), Array, Array, NULL)
#9 /home/vagrant/code/social/vendor/laravel/framework/src/Illuminate/Console/Command.php(183): Illuminate\\Container\\Container->call(Array)
#10 /home/vagrant/code/social/vendor/symfony/console/Command/Command.php(255): Illuminate\\Console\\Command->execute(Object(Symfony\\Component\\Console\\Input\\ArgvInput), Object(Illuminate\\Console\\OutputStyle))
#11 /home/vagrant/code/social/vendor/laravel/framework/src/Illuminate/Console/Command.php(170): Symfony\\Component\\Console\\Command\\Command->run(Object(Symfony\\Component\\Console\\Input\\ArgvInput), Object(Illuminate\\Console\\OutputStyle))
#12 /home/vagrant/code/social/vendor/symfony/console/Application.php(1011): Illuminate\\Console\\Command->run(Object(Symfony\\Component\\Console\\Input\\ArgvInput), Object(Symfony\\Component\\Console\\Output\\ConsoleOutput))
#13 /home/vagrant/code/social/vendor/symfony/console/Application.php(272): Symfony\\Component\\Console\\Application->doRunCommand(Object(Laravel\\Dusk\\Console\\ChromeDriverCommand), Object(Symfony\\Component\\Console\\Input\\ArgvInput), Object(Symfony\\Component\\Console\\Output\\ConsoleOutput))
#14 /home/vagrant/code/social/vendor/symfony/console/Application.php(148): Symfony\\Component\\Console\\Application->doRun(Object(Symfony\\Component\\Console\\Input\\ArgvInput), Object(Symfony\\Component\\Console\\Output\\ConsoleOutput))
#15 /home/vagrant/code/social/vendor/laravel/framework/src/Illuminate/Console/Application.php(90): Symfony\\Component\\Console\\Application->run(Object(Symfony\\Component\\Console\\Input\\ArgvInput), Object(Symfony\\Component\\Console\\Output\\ConsoleOutput))
#16 /home/vagrant/code/social/vendor/laravel/framework/src/Illuminate/Foundation/Console/Kernel.php(133): Illuminate\\Console\\Application->run(Object(Symfony\\Component\\Console\\Input\\ArgvInput), Object(Symfony\\Component\\Console\\Output\\ConsoleOutput))
#17 /home/vagrant/code/social/artisan(37): Illuminate\\Foundation\\Console\\Kernel->handle(Object(Symfony\\Component\\Console\\Input\\ArgvInput), Object(Symfony\\Component\\Console\\Output\\ConsoleOutput))
#18 {main}
"} 
[2019-12-21 20:48:36] local.ERROR: Command "dusk:chromedriver" is not defined.

Did you mean one of these?
    dusk
    dusk:chrome-driver
    dusk:component
    dusk:fails
    dusk:install
    dusk:make
    dusk:page {"exception":"[object] (Symfony\\Component\\Console\\Exception\\CommandNotFoundException(code: 0): Command \"dusk:chromedriver\" is not defined.

Did you mean one of these?
    dusk
    dusk:chrome-driver
    dusk:component
    dusk:fails
    dusk:install
    dusk:make
    dusk:page at /home/vagrant/code/social/vendor/symfony/console/Application.php:670)
[stacktrace]
#0 /home/vagrant/code/social/vendor/symfony/console/Application.php(236): Symfony\\Component\\Console\\Application->find('dusk:chromedriv...')
#1 /home/vagrant/code/social/vendor/symfony/console/Application.php(148): Symfony\\Component\\Console\\Application->doRun(Object(Symfony\\Component\\Console\\Input\\ArgvInput), Object(Symfony\\Component\\Console\\Output\\ConsoleOutput))
#2 /home/vagrant/code/social/vendor/laravel/framework/src/Illuminate/Console/Application.php(90): Symfony\\Component\\Console\\Application->run(Object(Symfony\\Component\\Console\\Input\\ArgvInput), Object(Symfony\\Component\\Console\\Output\\ConsoleOutput))
#3 /home/vagrant/code/social/vendor/laravel/framework/src/Illuminate/Foundation/Console/Kernel.php(133): Illuminate\\Console\\Application->run(Object(Symfony\\Component\\Console\\Input\\ArgvInput), Object(Symfony\\Component\\Console\\Output\\ConsoleOutput))
#4 /home/vagrant/code/social/artisan(37): Illuminate\\Foundation\\Console\\Kernel->handle(Object(Symfony\\Component\\Console\\Input\\ArgvInput), Object(Symfony\\Component\\Console\\Output\\ConsoleOutput))
#5 {main}
"} 
